<?xml version="1.0" encoding="UTF-8"?>
<coverage generated="1688205797962" clover="3.2.0">
  <project timestamp="1688205797962" name="All files">
    <metrics statements="126" coveredstatements="96" conditionals="44" coveredconditionals="15" methods="21" coveredmethods="8" elements="191" coveredelements="119" complexity="0" loc="126" ncloc="126" packages="1" files="1" classes="1"/>
    <file name="+page.svelte" path="/Users/yoo_ch/Desktop/sports-carnival-manager-v2/src/routes/auth/login/+page.svelte">
      <metrics statements="126" coveredstatements="96" conditionals="44" coveredconditionals="15" methods="21" coveredmethods="8"/>
      <line num="4" count="1" type="stmt"/>
      <line num="5" count="1" type="stmt"/>
      <line num="8" count="2" type="stmt"/>
      <line num="14" count="0" type="stmt"/>
      <line num="17" count="0" type="stmt"/>
      <line num="19" count="0" type="stmt"/>
      <line num="20" count="0" type="stmt"/>
      <line num="21" count="0" type="stmt"/>
      <line num="22" count="0" type="stmt"/>
      <line num="23" count="0" type="stmt"/>
      <line num="26" count="0" type="stmt"/>
      <line num="27" count="0" type="stmt"/>
      <line num="30" count="0" type="cond" truecount="0" falsecount="4"/>
      <line num="33" count="0" type="cond" truecount="0" falsecount="2"/>
      <line num="37" count="0" type="stmt"/>
      <line num="45" count="0" type="stmt"/>
      <line num="68" count="2" type="cond" truecount="1" falsecount="1"/>
      <line num="70" count="2" type="stmt"/>
      <line num="72" count="2" type="stmt"/>
      <line num="73" count="2" type="stmt"/>
      <line num="74" count="2" type="stmt"/>
      <line num="75" count="2" type="stmt"/>
      <line num="76" count="2" type="stmt"/>
      <line num="77" count="2" type="stmt"/>
      <line num="78" count="2" type="cond" truecount="1" falsecount="1"/>
      <line num="79" count="2" type="stmt"/>
      <line num="80" count="2" type="stmt"/>
      <line num="81" count="2" type="stmt"/>
      <line num="82" count="2" type="stmt"/>
      <line num="83" count="2" type="stmt"/>
      <line num="84" count="2" type="stmt"/>
      <line num="85" count="2" type="stmt"/>
      <line num="86" count="2" type="stmt"/>
      <line num="87" count="2" type="stmt"/>
      <line num="88" count="2" type="stmt"/>
      <line num="89" count="2" type="stmt"/>
      <line num="90" count="2" type="stmt"/>
      <line num="91" count="2" type="stmt"/>
      <line num="92" count="2" type="stmt"/>
      <line num="93" count="2" type="stmt"/>
      <line num="94" count="2" type="stmt"/>
      <line num="95" count="2" type="stmt"/>
      <line num="96" count="2" type="stmt"/>
      <line num="97" count="2" type="stmt"/>
      <line num="98" count="2" type="stmt"/>
      <line num="99" count="2" type="stmt"/>
      <line num="100" count="2" type="stmt"/>
      <line num="101" count="2" type="stmt"/>
      <line num="102" count="2" type="stmt"/>
      <line num="103" count="2" type="stmt"/>
      <line num="104" count="2" type="stmt"/>
      <line num="105" count="2" type="stmt"/>
      <line num="106" count="2" type="stmt"/>
      <line num="107" count="2" type="stmt"/>
      <line num="108" count="2" type="stmt"/>
      <line num="109" count="2" type="stmt"/>
      <line num="110" count="2" type="stmt"/>
      <line num="111" count="2" type="stmt"/>
      <line num="112" count="2" type="stmt"/>
      <line num="113" count="2" type="stmt"/>
      <line num="114" count="2" type="stmt"/>
      <line num="115" count="2" type="stmt"/>
      <line num="116" count="2" type="stmt"/>
      <line num="117" count="2" type="stmt"/>
      <line num="118" count="2" type="stmt"/>
      <line num="119" count="2" type="stmt"/>
      <line num="120" count="2" type="stmt"/>
      <line num="123" count="0" type="stmt"/>
      <line num="126" count="2" type="stmt"/>
      <line num="127" count="2" type="stmt"/>
      <line num="128" count="2" type="stmt"/>
      <line num="129" count="2" type="stmt"/>
      <line num="130" count="2" type="stmt"/>
      <line num="131" count="2" type="cond" truecount="1" falsecount="1"/>
      <line num="132" count="2" type="stmt"/>
      <line num="133" count="2" type="stmt"/>
      <line num="134" count="2" type="stmt"/>
      <line num="135" count="2" type="stmt"/>
      <line num="136" count="2" type="stmt"/>
      <line num="137" count="2" type="stmt"/>
      <line num="138" count="2" type="stmt"/>
      <line num="139" count="2" type="stmt"/>
      <line num="140" count="2" type="stmt"/>
      <line num="141" count="2" type="stmt"/>
      <line num="142" count="2" type="stmt"/>
      <line num="143" count="2" type="stmt"/>
      <line num="144" count="2" type="stmt"/>
      <line num="145" count="2" type="stmt"/>
      <line num="148" count="0" type="cond" truecount="0" falsecount="2"/>
      <line num="149" count="0" type="cond" truecount="0" falsecount="2"/>
      <line num="150" count="0" type="stmt"/>
      <line num="152" count="0" type="stmt"/>
      <line num="153" count="0" type="stmt"/>
      <line num="154" count="0" type="stmt"/>
      <line num="156" count="0" type="cond" truecount="0" falsecount="2"/>
      <line num="157" count="0" type="stmt"/>
      <line num="158" count="0" type="stmt"/>
      <line num="164" count="2" type="cond" truecount="1" falsecount="1"/>
      <line num="165" count="2" type="cond" truecount="1" falsecount="1"/>
      <line num="166" count="2" type="cond" truecount="1" falsecount="1"/>
      <line num="170" count="2" type="stmt"/>
      <line num="178" count="2" type="stmt"/>
      <line num="182" count="2" type="cond" truecount="1" falsecount="0"/>
      <line num="183" count="2" type="stmt"/>
      <line num="184" count="2" type="stmt"/>
      <line num="186" count="2" type="stmt"/>
      <line num="187" count="2" type="cond" truecount="5" falsecount="1"/>
      <line num="188" count="2" type="stmt"/>
      <line num="192" count="2" type="stmt"/>
      <line num="194" count="2" type="stmt"/>
      <line num="195" count="0" type="cond" truecount="0" falsecount="5"/>
      <line num="198" count="2" type="stmt"/>
      <line num="199" count="0" type="cond" truecount="0" falsecount="2"/>
      <line num="202" count="2" type="stmt"/>
      <line num="204" count="2" type="stmt"/>
      <line num="205" count="0" type="cond" truecount="0" falsecount="2"/>
      <line num="208" count="2" type="cond" truecount="3" falsecount="1"/>
      <line num="209" count="0" type="stmt"/>
      <line num="212" count="2" type="stmt"/>
      <line num="217" count="2" type="stmt"/>
      <line num="218" count="2" type="stmt"/>
      <line num="220" count="2" type="stmt"/>
      <line num="229" count="0" type="stmt"/>
      <line num="233" count="0" type="stmt"/>
      <line num="234" count="0" type="stmt"/>
      <line num="238" count="1" type="stmt"/>
    </file>
  </project>
</coverage>
