{"/Users/yoo_ch/Desktop/sports-carnival-manager-v2/src/routes/auth/login/+page.svelte": {"path":"/Users/yoo_ch/Desktop/sports-carnival-manager-v2/src/routes/auth/login/+page.svelte","statementMap":{"0":{"start":{"line":4,"column":218},"end":{"line":4,"column":244}},"1":{"start":{"line":5,"column":13},"end":{"line":5,"column":27}},"2":{"start":{"line":8,"column":1},"end":{"line":8,"column":1802}},"3":{"start":{"line":14,"column":24},"end":{"line":14,"column":42}},"4":{"start":{"line":17,"column":15},"end":{"line":35,"column":2}},"5":{"start":{"line":19,"column":3},"end":{"line":19,"column":20}},"6":{"start":{"line":20,"column":3},"end":{"line":20,"column":21}},"7":{"start":{"line":21,"column":3},"end":{"line":21,"column":30}},"8":{"start":{"line":22,"column":3},"end":{"line":22,"column":42}},"9":{"start":{"line":23,"column":3},"end":{"line":23,"column":38}},"10":{"start":{"line":26,"column":3},"end":{"line":26,"column":33}},"11":{"start":{"line":27,"column":3},"end":{"line":27,"column":20}},"12":{"start":{"line":30,"column":3},"end":{"line":30,"column":107}},"13":{"start":{"line":30,"column":82},"end":{"line":30,"column":107}},"14":{"start":{"line":33,"column":3},"end":{"line":33,"column":32}},"15":{"start":{"line":33,"column":18},"end":{"line":33,"column":32}},"16":{"start":{"line":37,"column":1},"end":{"line":43,"column":4}},"17":{"start":{"line":45,"column":1},"end":{"line":45,"column":14}},"18":{"start":{"line":68,"column":25},"end":{"line":68,"column":62}},"19":{"start":{"line":70,"column":15},"end":{"line":168,"column":2}},"20":{"start":{"line":72,"column":3},"end":{"line":72,"column":16}},"21":{"start":{"line":73,"column":3},"end":{"line":73,"column":24}},"22":{"start":{"line":74,"column":3},"end":{"line":74,"column":28}},"23":{"start":{"line":75,"column":3},"end":{"line":75,"column":22}},"24":{"start":{"line":76,"column":3},"end":{"line":76,"column":29}},"25":{"start":{"line":77,"column":3},"end":{"line":77,"column":16}},"26":{"start":{"line":78,"column":3},"end":{"line":78,"column":30}},"27":{"start":{"line":78,"column":17},"end":{"line":78,"column":30}},"28":{"start":{"line":79,"column":3},"end":{"line":79,"column":16}},"29":{"start":{"line":80,"column":3},"end":{"line":80,"column":29}},"30":{"start":{"line":81,"column":3},"end":{"line":81,"column":44}},"31":{"start":{"line":82,"column":3},"end":{"line":82,"column":29}},"32":{"start":{"line":83,"column":3},"end":{"line":83,"column":16}},"33":{"start":{"line":84,"column":3},"end":{"line":84,"column":29}},"34":{"start":{"line":85,"column":3},"end":{"line":85,"column":39}},"35":{"start":{"line":86,"column":3},"end":{"line":86,"column":29}},"36":{"start":{"line":87,"column":3},"end":{"line":87,"column":16}},"37":{"start":{"line":88,"column":3},"end":{"line":88,"column":30}},"38":{"start":{"line":89,"column":3},"end":{"line":89,"column":33}},"39":{"start":{"line":90,"column":3},"end":{"line":90,"column":16}},"40":{"start":{"line":91,"column":3},"end":{"line":91,"column":21}},"41":{"start":{"line":92,"column":3},"end":{"line":92,"column":38}},"42":{"start":{"line":93,"column":3},"end":{"line":93,"column":17}},"43":{"start":{"line":94,"column":3},"end":{"line":94,"column":21}},"44":{"start":{"line":95,"column":3},"end":{"line":95,"column":39}},"45":{"start":{"line":96,"column":3},"end":{"line":96,"column":29}},"46":{"start":{"line":97,"column":3},"end":{"line":97,"column":38}},"47":{"start":{"line":98,"column":3},"end":{"line":98,"column":37}},"48":{"start":{"line":99,"column":3},"end":{"line":99,"column":35}},"49":{"start":{"line":100,"column":3},"end":{"line":100,"column":37}},"50":{"start":{"line":101,"column":3},"end":{"line":101,"column":52}},"51":{"start":{"line":102,"column":3},"end":{"line":102,"column":43}},"52":{"start":{"line":103,"column":3},"end":{"line":103,"column":42}},"53":{"start":{"line":104,"column":3},"end":{"line":104,"column":40}},"54":{"start":{"line":105,"column":3},"end":{"line":105,"column":38}},"55":{"start":{"line":106,"column":3},"end":{"line":106,"column":40}},"56":{"start":{"line":107,"column":3},"end":{"line":107,"column":47}},"57":{"start":{"line":108,"column":3},"end":{"line":108,"column":43}},"58":{"start":{"line":109,"column":3},"end":{"line":109,"column":42}},"59":{"start":{"line":110,"column":3},"end":{"line":110,"column":42}},"60":{"start":{"line":111,"column":3},"end":{"line":111,"column":40}},"61":{"start":{"line":112,"column":3},"end":{"line":112,"column":38}},"62":{"start":{"line":113,"column":3},"end":{"line":113,"column":48}},"63":{"start":{"line":114,"column":3},"end":{"line":114,"column":35}},"64":{"start":{"line":115,"column":3},"end":{"line":115,"column":38}},"65":{"start":{"line":116,"column":3},"end":{"line":116,"column":38}},"66":{"start":{"line":117,"column":3},"end":{"line":117,"column":41}},"67":{"start":{"line":118,"column":3},"end":{"line":118,"column":42}},"68":{"start":{"line":119,"column":3},"end":{"line":119,"column":41}},"69":{"start":{"line":120,"column":3},"end":{"line":120,"column":38}},"70":{"start":{"line":123,"column":3},"end":{"line":123,"column":114}},"71":{"start":{"line":126,"column":3},"end":{"line":126,"column":34}},"72":{"start":{"line":127,"column":3},"end":{"line":127,"column":35}},"73":{"start":{"line":128,"column":3},"end":{"line":128,"column":27}},"74":{"start":{"line":129,"column":3},"end":{"line":129,"column":26}},"75":{"start":{"line":130,"column":3},"end":{"line":130,"column":26}},"76":{"start":{"line":131,"column":3},"end":{"line":131,"column":42}},"77":{"start":{"line":131,"column":17},"end":{"line":131,"column":42}},"78":{"start":{"line":132,"column":3},"end":{"line":132,"column":26}},"79":{"start":{"line":133,"column":3},"end":{"line":133,"column":30}},"80":{"start":{"line":134,"column":3},"end":{"line":134,"column":26}},"81":{"start":{"line":135,"column":3},"end":{"line":135,"column":30}},"82":{"start":{"line":136,"column":3},"end":{"line":136,"column":26}},"83":{"start":{"line":137,"column":3},"end":{"line":137,"column":30}},"84":{"start":{"line":138,"column":3},"end":{"line":138,"column":26}},"85":{"start":{"line":139,"column":3},"end":{"line":139,"column":30}},"86":{"start":{"line":140,"column":3},"end":{"line":140,"column":26}},"87":{"start":{"line":141,"column":3},"end":{"line":141,"column":30}},"88":{"start":{"line":142,"column":3},"end":{"line":142,"column":26}},"89":{"start":{"line":143,"column":3},"end":{"line":143,"column":26}},"90":{"start":{"line":144,"column":3},"end":{"line":144,"column":27}},"91":{"start":{"line":145,"column":3},"end":{"line":145,"column":26}},"92":{"start":{"line":148,"column":3},"end":{"line":159,"column":4}},"93":{"start":{"line":149,"column":4},"end":{"line":155,"column":5}},"94":{"start":{"line":150,"column":5},"end":{"line":150,"column":28}},"95":{"start":{"line":152,"column":5},"end":{"line":152,"column":37}},"96":{"start":{"line":153,"column":5},"end":{"line":153,"column":18}},"97":{"start":{"line":154,"column":5},"end":{"line":154,"column":28}},"98":{"start":{"line":156,"column":10},"end":{"line":159,"column":4}},"99":{"start":{"line":157,"column":4},"end":{"line":157,"column":18}},"100":{"start":{"line":158,"column":4},"end":{"line":158,"column":20}},"101":{"start":{"line":164,"column":3},"end":{"line":164,"column":33}},"102":{"start":{"line":164,"column":18},"end":{"line":164,"column":33}},"103":{"start":{"line":165,"column":3},"end":{"line":165,"column":34}},"104":{"start":{"line":165,"column":18},"end":{"line":165,"column":34}},"105":{"start":{"line":166,"column":3},"end":{"line":166,"column":30}},"106":{"start":{"line":166,"column":17},"end":{"line":166,"column":30}},"107":{"start":{"line":170,"column":1},"end":{"line":176,"column":4}},"108":{"start":{"line":178,"column":1},"end":{"line":178,"column":14}},"109":{"start":{"line":182,"column":40},"end":{"line":182,"column":47}},"110":{"start":{"line":183,"column":1},"end":{"line":183,"column":35}},"111":{"start":{"line":184,"column":16},"end":{"line":184,"column":23}},"112":{"start":{"line":186,"column":1},"end":{"line":190,"column":4}},"113":{"start":{"line":187,"column":2},"end":{"line":189,"column":3}},"114":{"start":{"line":188,"column":3},"end":{"line":188,"column":67}},"115":{"start":{"line":192,"column":24},"end":{"line":192,"column":32}},"116":{"start":{"line":194,"column":1},"end":{"line":196,"column":4}},"117":{"start":{"line":195,"column":2},"end":{"line":195,"column":145}},"118":{"start":{"line":195,"column":83},"end":{"line":195,"column":145}},"119":{"start":{"line":198,"column":1},"end":{"line":200,"column":3}},"120":{"start":{"line":199,"column":2},"end":{"line":199,"column":62}},"121":{"start":{"line":199,"column":25},"end":{"line":199,"column":62}},"122":{"start":{"line":202,"column":1},"end":{"line":202,"column":42}},"123":{"start":{"line":202,"column":32},"end":{"line":202,"column":40}},"124":{"start":{"line":204,"column":1},"end":{"line":206,"column":3}},"125":{"start":{"line":205,"column":2},"end":{"line":205,"column":62}},"126":{"start":{"line":205,"column":25},"end":{"line":205,"column":62}},"127":{"start":{"line":208,"column":1},"end":{"line":210,"column":2}},"128":{"start":{"line":209,"column":2},"end":{"line":209,"column":41}},"129":{"start":{"line":212,"column":1},"end":{"line":212,"column":15}},"130":{"start":{"line":217,"column":2},"end":{"line":217,"column":17}},"131":{"start":{"line":218,"column":2},"end":{"line":218,"column":87}},"132":{"start":{"line":220,"column":2},"end":{"line":225,"column":5}},"133":{"start":{"line":229,"column":2},"end":{"line":229,"column":24}},"134":{"start":{"line":233,"column":2},"end":{"line":233,"column":23}},"135":{"start":{"line":234,"column":2},"end":{"line":234,"column":10}},"136":{"start":{"line":238,"column":0},"end":{"line":238,"column":23}},"137":{"start":{"line":238,"column":23},"end":{"line":238,"column":85}}},"fnMap":{"0":{"name":"add_css","decl":{"start":{"line":7,"column":9},"end":{"line":7,"column":16}},"loc":{"start":{"line":7,"column":25},"end":{"line":9,"column":1}},"line":7},"1":{"name":"create_if_block","decl":{"start":{"line":12,"column":9},"end":{"line":12,"column":24}},"loc":{"start":{"line":12,"column":30},"end":{"line":46,"column":1}},"line":12},"2":{"name":"create","decl":{"start":{"line":18,"column":14},"end":{"line":18,"column":20}},"loc":{"start":{"line":18,"column":23},"end":{"line":24,"column":3}},"line":18},"3":{"name":"mount","decl":{"start":{"line":25,"column":14},"end":{"line":25,"column":19}},"loc":{"start":{"line":25,"column":36},"end":{"line":28,"column":3}},"line":25},"4":{"name":"update","decl":{"start":{"line":29,"column":14},"end":{"line":29,"column":20}},"loc":{"start":{"line":29,"column":33},"end":{"line":31,"column":3}},"line":29},"5":{"name":"destroy","decl":{"start":{"line":32,"column":14},"end":{"line":32,"column":21}},"loc":{"start":{"line":32,"column":33},"end":{"line":34,"column":3}},"line":32},"6":{"name":"create_fragment","decl":{"start":{"line":48,"column":9},"end":{"line":48,"column":24}},"loc":{"start":{"line":48,"column":30},"end":{"line":179,"column":1}},"line":48},"7":{"name":"create","decl":{"start":{"line":71,"column":14},"end":{"line":71,"column":20}},"loc":{"start":{"line":71,"column":23},"end":{"line":121,"column":3}},"line":71},"8":{"name":"claim","decl":{"start":{"line":122,"column":14},"end":{"line":122,"column":19}},"loc":{"start":{"line":122,"column":27},"end":{"line":124,"column":3}},"line":122},"9":{"name":"mount","decl":{"start":{"line":125,"column":14},"end":{"line":125,"column":19}},"loc":{"start":{"line":125,"column":36},"end":{"line":146,"column":3}},"line":125},"10":{"name":"update","decl":{"start":{"line":147,"column":14},"end":{"line":147,"column":20}},"loc":{"start":{"line":147,"column":35},"end":{"line":160,"column":3}},"line":147},"11":{"name":"destroy","decl":{"start":{"line":163,"column":14},"end":{"line":163,"column":21}},"loc":{"start":{"line":163,"column":33},"end":{"line":167,"column":3}},"line":163},"12":{"name":"instance","decl":{"start":{"line":181,"column":9},"end":{"line":181,"column":17}},"loc":{"start":{"line":181,"column":49},"end":{"line":213,"column":1}},"line":181},"13":{"name":"(anonymous_13)","decl":{"start":{"line":186,"column":25},"end":{"line":186,"column":26}},"loc":{"start":{"line":186,"column":37},"end":{"line":190,"column":2}},"line":186},"14":{"name":"(anonymous_14)","decl":{"start":{"line":194,"column":30},"end":{"line":194,"column":31}},"loc":{"start":{"line":194,"column":37},"end":{"line":196,"column":2}},"line":194},"15":{"name":"(anonymous_15)","decl":{"start":{"line":198,"column":16},"end":{"line":198,"column":17}},"loc":{"start":{"line":198,"column":27},"end":{"line":200,"column":2}},"line":198},"16":{"name":"(anonymous_16)","decl":{"start":{"line":202,"column":25},"end":{"line":202,"column":26}},"loc":{"start":{"line":202,"column":32},"end":{"line":202,"column":40}},"line":202},"17":{"name":"(anonymous_17)","decl":{"start":{"line":204,"column":24},"end":{"line":204,"column":25}},"loc":{"start":{"line":204,"column":35},"end":{"line":206,"column":2}},"line":204},"18":{"name":"(anonymous_18)","decl":{"start":{"line":216,"column":1},"end":{"line":216,"column":2}},"loc":{"start":{"line":216,"column":22},"end":{"line":226,"column":2}},"line":216},"19":{"name":"(anonymous_19)","decl":{"start":{"line":228,"column":1},"end":{"line":228,"column":2}},"loc":{"start":{"line":228,"column":12},"end":{"line":230,"column":2}},"line":228},"20":{"name":"(anonymous_20)","decl":{"start":{"line":232,"column":1},"end":{"line":232,"column":2}},"loc":{"start":{"line":232,"column":16},"end":{"line":235,"column":2}},"line":232}},"branchMap":{"0":{"loc":{"start":{"line":30,"column":3},"end":{"line":30,"column":107}},"type":"if","locations":[{"start":{"line":30,"column":3},"end":{"line":30,"column":107}},{"start":{},"end":{}}],"line":30},"1":{"loc":{"start":{"line":30,"column":7},"end":{"line":30,"column":80}},"type":"binary-expr","locations":[{"start":{"line":30,"column":7},"end":{"line":30,"column":25}},{"start":{"line":30,"column":29},"end":{"line":30,"column":80}}],"line":30},"2":{"loc":{"start":{"line":33,"column":3},"end":{"line":33,"column":32}},"type":"if","locations":[{"start":{"line":33,"column":3},"end":{"line":33,"column":32}},{"start":{},"end":{}}],"line":33},"3":{"loc":{"start":{"line":68,"column":25},"end":{"line":68,"column":62}},"type":"binary-expr","locations":[{"start":{"line":68,"column":25},"end":{"line":68,"column":38}},{"start":{"line":68,"column":42},"end":{"line":68,"column":62}}],"line":68},"4":{"loc":{"start":{"line":78,"column":3},"end":{"line":78,"column":30}},"type":"if","locations":[{"start":{"line":78,"column":3},"end":{"line":78,"column":30}},{"start":{},"end":{}}],"line":78},"5":{"loc":{"start":{"line":131,"column":3},"end":{"line":131,"column":42}},"type":"if","locations":[{"start":{"line":131,"column":3},"end":{"line":131,"column":42}},{"start":{},"end":{}}],"line":131},"6":{"loc":{"start":{"line":148,"column":3},"end":{"line":159,"column":4}},"type":"if","locations":[{"start":{"line":148,"column":3},"end":{"line":159,"column":4}},{"start":{"line":156,"column":10},"end":{"line":159,"column":4}}],"line":148},"7":{"loc":{"start":{"line":149,"column":4},"end":{"line":155,"column":5}},"type":"if","locations":[{"start":{"line":149,"column":4},"end":{"line":155,"column":5}},{"start":{"line":151,"column":11},"end":{"line":155,"column":5}}],"line":149},"8":{"loc":{"start":{"line":156,"column":10},"end":{"line":159,"column":4}},"type":"if","locations":[{"start":{"line":156,"column":10},"end":{"line":159,"column":4}},{"start":{},"end":{}}],"line":156},"9":{"loc":{"start":{"line":164,"column":3},"end":{"line":164,"column":33}},"type":"if","locations":[{"start":{"line":164,"column":3},"end":{"line":164,"column":33}},{"start":{},"end":{}}],"line":164},"10":{"loc":{"start":{"line":165,"column":3},"end":{"line":165,"column":34}},"type":"if","locations":[{"start":{"line":165,"column":3},"end":{"line":165,"column":34}},{"start":{},"end":{}}],"line":165},"11":{"loc":{"start":{"line":166,"column":3},"end":{"line":166,"column":30}},"type":"if","locations":[{"start":{"line":166,"column":3},"end":{"line":166,"column":30}},{"start":{},"end":{}}],"line":166},"12":{"loc":{"start":{"line":182,"column":16},"end":{"line":182,"column":26}},"type":"default-arg","locations":[{"start":{"line":182,"column":24},"end":{"line":182,"column":26}}],"line":182},"13":{"loc":{"start":{"line":187,"column":2},"end":{"line":189,"column":3}},"type":"if","locations":[{"start":{"line":187,"column":2},"end":{"line":189,"column":3}},{"start":{},"end":{}}],"line":187},"14":{"loc":{"start":{"line":187,"column":6},"end":{"line":187,"column":92}},"type":"binary-expr","locations":[{"start":{"line":187,"column":6},"end":{"line":187,"column":24}},{"start":{"line":187,"column":28},"end":{"line":187,"column":92}}],"line":187},"15":{"loc":{"start":{"line":187,"column":30},"end":{"line":187,"column":91}},"type":"binary-expr","locations":[{"start":{"line":187,"column":30},"end":{"line":187,"column":47}},{"start":{"line":187,"column":51},"end":{"line":187,"column":91}}],"line":187},"16":{"loc":{"start":{"line":195,"column":2},"end":{"line":195,"column":145}},"type":"if","locations":[{"start":{"line":195,"column":2},"end":{"line":195,"column":145}},{"start":{},"end":{}}],"line":195},"17":{"loc":{"start":{"line":195,"column":6},"end":{"line":195,"column":81}},"type":"binary-expr","locations":[{"start":{"line":195,"column":6},"end":{"line":195,"column":35}},{"start":{"line":195,"column":39},"end":{"line":195,"column":63}},{"start":{"line":195,"column":67},"end":{"line":195,"column":81}}],"line":195},"18":{"loc":{"start":{"line":199,"column":2},"end":{"line":199,"column":62}},"type":"if","locations":[{"start":{"line":199,"column":2},"end":{"line":199,"column":62}},{"start":{},"end":{}}],"line":199},"19":{"loc":{"start":{"line":205,"column":2},"end":{"line":205,"column":62}},"type":"if","locations":[{"start":{"line":205,"column":2},"end":{"line":205,"column":62}},{"start":{},"end":{}}],"line":205},"20":{"loc":{"start":{"line":208,"column":1},"end":{"line":210,"column":2}},"type":"if","locations":[{"start":{"line":208,"column":1},"end":{"line":210,"column":2}},{"start":{},"end":{}}],"line":208},"21":{"loc":{"start":{"line":208,"column":5},"end":{"line":208,"column":37}},"type":"binary-expr","locations":[{"start":{"line":208,"column":5},"end":{"line":208,"column":12}},{"start":{"line":208,"column":16},"end":{"line":208,"column":37}}],"line":208}},"s":{"0":1,"1":1,"2":2,"3":0,"4":0,"5":0,"6":0,"7":0,"8":0,"9":0,"10":0,"11":0,"12":0,"13":0,"14":0,"15":0,"16":0,"17":0,"18":2,"19":2,"20":2,"21":2,"22":2,"23":2,"24":2,"25":2,"26":2,"27":0,"28":2,"29":2,"30":2,"31":2,"32":2,"33":2,"34":2,"35":2,"36":2,"37":2,"38":2,"39":2,"40":2,"41":2,"42":2,"43":2,"44":2,"45":2,"46":2,"47":2,"48":2,"49":2,"50":2,"51":2,"52":2,"53":2,"54":2,"55":2,"56":2,"57":2,"58":2,"59":2,"60":2,"61":2,"62":2,"63":2,"64":2,"65":2,"66":2,"67":2,"68":2,"69":2,"70":0,"71":2,"72":2,"73":2,"74":2,"75":2,"76":2,"77":0,"78":2,"79":2,"80":2,"81":2,"82":2,"83":2,"84":2,"85":2,"86":2,"87":2,"88":2,"89":2,"90":2,"91":2,"92":0,"93":0,"94":0,"95":0,"96":0,"97":0,"98":0,"99":0,"100":0,"101":2,"102":2,"103":2,"104":2,"105":2,"106":0,"107":2,"108":2,"109":2,"110":2,"111":2,"112":2,"113":2,"114":2,"115":2,"116":2,"117":0,"118":0,"119":2,"120":0,"121":0,"122":2,"123":0,"124":2,"125":0,"126":0,"127":2,"128":0,"129":2,"130":2,"131":2,"132":2,"133":0,"134":0,"135":0,"136":1,"137":1},"f":{"0":2,"1":0,"2":0,"3":0,"4":0,"5":0,"6":2,"7":2,"8":0,"9":2,"10":0,"11":2,"12":2,"13":2,"14":0,"15":0,"16":0,"17":0,"18":2,"19":0,"20":0},"b":{"0":[0,0],"1":[0,0],"2":[0,0],"3":[2,0],"4":[0,2],"5":[0,2],"6":[0,0],"7":[0,0],"8":[0,0],"9":[2,0],"10":[2,0],"11":[0,2],"12":[2],"13":[2,0],"14":[2,2],"15":[2,2],"16":[0,0],"17":[0,0,0],"18":[0,0],"19":[0,0],"20":[0,2],"21":[2,2]},"inputSourceMap":{"0":"{","1":"\"","2":"v","3":"e","4":"r","5":"s","6":"i","7":"o","8":"n","9":"\"","10":":","11":"3","12":",","13":"\"","14":"n","15":"a","16":"m","17":"e","18":"s","19":"\"","20":":","21":"[","22":"]","23":",","24":"\"","25":"s","26":"o","27":"u","28":"r","29":"c","30":"e","31":"s","32":"\"","33":":","34":"[","35":"\"","36":"+","37":"p","38":"a","39":"g","40":"e","41":".","42":"s","43":"v","44":"e","45":"l","46":"t","47":"e","48":"\"","49":"]","50":",","51":"\"","52":"s","53":"o","54":"u","55":"r","56":"c","57":"e","58":"s","59":"C","60":"o","61":"n","62":"t","63":"e","64":"n","65":"t","66":"\"","67":":","68":"[","69":"\"","70":"<","71":"s","72":"c","73":"r","74":"i","75":"p","76":"t","77":">","78":"\\","79":"n","80":" ","81":" ","82":" ","83":" ","84":"/","85":"*","86":"*","87":" ","88":"@","89":"t","90":"y","91":"p","92":"e","93":" ","94":"{","95":"i","96":"m","97":"p","98":"o","99":"r","100":"t","101":"(","102":"'","103":".","104":"/","105":"$","106":"t","107":"y","108":"p","109":"e","110":"s","111":"'","112":")","113":".","114":"A","115":"c","116":"t","117":"i","118":"o","119":"n","120":"D","121":"a","122":"t","123":"a","124":"}","125":" ","126":"*","127":"/","128":"\\","129":"n","130":" ","131":" ","132":" ","133":" ","134":"e","135":"x","136":"p","137":"o","138":"r","139":"t","140":" ","141":"l","142":"e","143":"t","144":" ","145":"f","146":"o","147":"r","148":"m","149":";","150":"\\","151":"n","152":"<","153":"/","154":"s","155":"c","156":"r","157":"i","158":"p","159":"t","160":">","161":"\\","162":"n","163":"\\","164":"n","165":"<","166":"s","167":"v","168":"e","169":"l","170":"t","171":"e","172":":","173":"h","174":"e","175":"a","176":"d","177":">","178":"\\","179":"n","180":" ","181":" ","182":" ","183":" ","184":"<","185":"t","186":"i","187":"t","188":"l","189":"e","190":">","191":"L","192":"o","193":"g","194":" ","195":"I","196":"n","197":"<","198":"/","199":"t","200":"i","201":"t","202":"l","203":"e","204":">","205":"\\","206":"n","207":"<","208":"/","209":"s","210":"v","211":"e","212":"l","213":"t","214":"e","215":":","216":"h","217":"e","218":"a","219":"d","220":">","221":"\\","222":"n","223":"\\","224":"n","225":"<","226":"d","227":"i","228":"v","229":" ","230":"i","231":"d","232":"=","233":"\\","234":"\"","235":"a","236":"u","237":"t","238":"h","239":"-","240":"c","241":"o","242":"n","243":"t","244":"a","245":"i","246":"n","247":"e","248":"r","249":"\\","250":"\"","251":">","252":"\\","253":"n","254":"\\","255":"n","256":" ","257":" ","258":" ","259":" ","260":"<","261":"f","262":"o","263":"r","264":"m","265":" ","266":"m","267":"e","268":"t","269":"h","270":"o","271":"d","272":"=","273":"\\","274":"\"","275":"P","276":"O","277":"S","278":"T","279":"\\","280":"\"","281":" ","282":"a","283":"c","284":"t","285":"i","286":"o","287":"n","288":"=","289":"\\","290":"\"","291":"?","292":"/","293":"l","294":"o","295":"g","296":"I","297":"n","298":"\\","299":"\"","300":">","301":"\\","302":"n","303":" ","304":" ","305":" ","306":" ","307":" ","308":" ","309":" ","310":" ","311":"<","312":"h","313":"1","314":">","315":"L","316":"o","317":"g","318":" ","319":"I","320":"n","321":"<","322":"/","323":"h","324":"1","325":">","326":"\\","327":"n","328":"\\","329":"n","330":" ","331":" ","332":" ","333":" ","334":" ","335":" ","336":" ","337":" ","338":"<","339":"!","340":"-","341":"-","342":"D","343":"i","344":"s","345":"p","346":"l","347":"a","348":"y","349":" ","350":"e","351":"r","352":"r","353":"o","354":"r","355":" ","356":"m","357":"e","358":"s","359":"s","360":"a","361":"g","362":"e","363":" ","364":"f","365":"r","366":"o","367":"m","368":" ","369":"s","370":"e","371":"r","372":"v","373":"e","374":"r","375":" ","376":"p","377":"r","378":"o","379":"c","380":"e","381":"s","382":"s","383":"-","384":"-","385":">","386":"\\","387":"n","388":" ","389":" ","390":" ","391":" ","392":" ","393":" ","394":" ","395":" ","396":"{","397":"#","398":"i","399":"f","400":" ","401":"f","402":"o","403":"r","404":"m","405":"?","406":".","407":"e","408":"r","409":"r","410":"o","411":"r","412":"}","413":"\\","414":"n","415":" ","416":" ","417":" ","418":" ","419":" ","420":" ","421":" ","422":" ","423":" ","424":" ","425":" ","426":" ","427":"<","428":"p","429":" ","430":"i","431":"d","432":"=","433":"\\","434":"\"","435":"e","436":"r","437":"r","438":"o","439":"r","440":"\\","441":"\"","442":">","443":"{","444":"f","445":"o","446":"r","447":"m","448":"?","449":".","450":"e","451":"r","452":"r","453":"o","454":"r","455":"}","456":"<","457":"/","458":"p","459":">","460":"\\","461":"n","462":" ","463":" ","464":" ","465":" ","466":" ","467":" ","468":" ","469":" ","470":"{","471":"/","472":"i","473":"f","474":"}","475":"\\","476":"n","477":"\\","478":"n","479":" ","480":" ","481":" ","482":" ","483":" ","484":" ","485":" ","486":" ","487":"<","488":"!","489":"-","490":"-","491":"L","492":"o","493":"g","494":" ","495":"i","496":"n","497":" ","498":"i","499":"n","500":"p","501":"u","502":"t","503":" ","504":"f","505":"i","506":"e","507":"l","508":"d","509":"s","510":"-","511":"-","512":">","513":"\\","514":"n","515":" ","516":" ","517":" ","518":" ","519":" ","520":" ","521":" ","522":" ","523":"<","524":"l","525":"a","526":"b","527":"e","528":"l","529":">","530":"\\","531":"n","532":" ","533":" ","534":" ","535":" ","536":" ","537":" ","538":" ","539":" ","540":" ","541":" ","542":" ","543":" ","544":"E","545":"m","546":"a","547":"i","548":"l","549":" ","550":"A","551":"d","552":"d","553":"r","554":"e","555":"s","556":"s","557":"\\","558":"n","559":" ","560":" ","561":" ","562":" ","563":" ","564":" ","565":" ","566":" ","567":" ","568":" ","569":" ","570":" ","571":"<","572":"i","573":"n","574":"p","575":"u","576":"t","577":" ","578":"t","579":"y","580":"p","581":"e","582":"=","583":"\\","584":"\"","585":"e","586":"m","587":"a","588":"i","589":"l","590":"\\","591":"\"","592":" ","593":"i","594":"d","595":"=","596":"\\","597":"\"","598":"e","599":"m","600":"a","601":"i","602":"l","603":"\\","604":"\"","605":" ","606":"n","607":"a","608":"m","609":"e","610":"=","611":"\\","612":"\"","613":"e","614":"m","615":"a","616":"i","617":"l","618":"\\","619":"\"","620":" ","621":"p","622":"l","623":"a","624":"c","625":"e","626":"h","627":"o","628":"l","629":"d","630":"e","631":"r","632":"=","633":"\\","634":"\"","635":"E","636":"m","637":"a","638":"i","639":"l","640":" ","641":"a","642":"d","643":"d","644":"r","645":"e","646":"s","647":"s","648":"\\","649":"\"","650":">","651":"\\","652":"n","653":" ","654":" ","655":" ","656":" ","657":" ","658":" ","659":" ","660":" ","661":"<","662":"/","663":"l","664":"a","665":"b","666":"e","667":"l","668":">","669":"\\","670":"n","671":" ","672":" ","673":" ","674":" ","675":" ","676":" ","677":" ","678":" ","679":"<","680":"l","681":"a","682":"b","683":"e","684":"l","685":">","686":"\\","687":"n","688":" ","689":" ","690":" ","691":" ","692":" ","693":" ","694":" ","695":" ","696":" ","697":" ","698":" ","699":" ","700":"P","701":"a","702":"s","703":"s","704":"w","705":"o","706":"r","707":"d","708":"\\","709":"n","710":" ","711":" ","712":" ","713":" ","714":" ","715":" ","716":" ","717":" ","718":" ","719":" ","720":" ","721":" ","722":"<","723":"i","724":"n","725":"p","726":"u","727":"t","728":" ","729":"t","730":"y","731":"p","732":"e","733":"=","734":"\\","735":"\"","736":"p","737":"a","738":"s","739":"s","740":"w","741":"o","742":"r","743":"d","744":"\\","745":"\"","746":" ","747":"i","748":"d","749":"=","750":"\\","751":"\"","752":"p","753":"a","754":"s","755":"s","756":"w","757":"o","758":"r","759":"d","760":"\\","761":"\"","762":" ","763":"n","764":"a","765":"m","766":"e","767":"=","768":"\\","769":"\"","770":"p","771":"a","772":"s","773":"s","774":"w","775":"o","776":"r","777":"d","778":"\\","779":"\"","780":" ","781":"p","782":"l","783":"a","784":"c","785":"e","786":"h","787":"o","788":"l","789":"d","790":"e","791":"r","792":"=","793":"\\","794":"\"","795":"P","796":"a","797":"s","798":"s","799":"w","800":"o","801":"r","802":"d","803":"\\","804":"\"","805":">","806":"\\","807":"n","808":" ","809":" ","810":" ","811":" ","812":" ","813":" ","814":" ","815":" ","816":"<","817":"/","818":"l","819":"a","820":"b","821":"e","822":"l","823":">","824":"\\","825":"n","826":" ","827":" ","828":" ","829":" ","830":" ","831":" ","832":" ","833":" ","834":"<","835":"b","836":"u","837":"t","838":"t","839":"o","840":"n","841":">","842":"L","843":"o","844":"g","845":" ","846":"I","847":"n","848":"<","849":"/","850":"b","851":"u","852":"t","853":"t","854":"o","855":"n","856":">","857":"\\","858":"n","859":"\\","860":"n","861":" ","862":" ","863":" ","864":" ","865":" ","866":" ","867":" ","868":" ","869":"<","870":"a","871":" ","872":"h","873":"r","874":"e","875":"f","876":"=","877":"\\","878":"\"","879":"/","880":"a","881":"u","882":"t","883":"h","884":"/","885":"s","886":"i","887":"g","888":"n","889":"u","890":"p","891":"\\","892":"\"","893":">","894":"S","895":"i","896":"g","897":"n","898":" ","899":"u","900":"p","901":" ","902":"i","903":"n","904":"s","905":"t","906":"e","907":"a","908":"d","909":"<","910":"/","911":"a","912":">","913":"\\","914":"n","915":" ","916":" ","917":" ","918":" ","919":" ","920":" ","921":" ","922":" ","923":"<","924":"a","925":" ","926":"h","927":"r","928":"e","929":"f","930":"=","931":"\\","932":"\"","933":"/","934":"a","935":"u","936":"t","937":"h","938":"/","939":"f","940":"o","941":"r","942":"g","943":"o","944":"t","945":"p","946":"a","947":"s","948":"s","949":"w","950":"o","951":"r","952":"d","953":"\\","954":"\"","955":" ","956":"s","957":"t","958":"y","959":"l","960":"e","961":"=","962":"\\","963":"\"","964":"f","965":"l","966":"o","967":"a","968":"t","969":":","970":" ","971":"r","972":"i","973":"g","974":"h","975":"t","976":"\\","977":"\"","978":">","979":"F","980":"o","981":"r","982":"g","983":"o","984":"t","985":" ","986":"p","987":"a","988":"s","989":"s","990":"w","991":"o","992":"r","993":"d","994":"?","995":"<","996":"/","997":"a","998":">","999":"\\","1000":"n","1001":" ","1002":" ","1003":" ","1004":" ","1005":"<","1006":"/","1007":"f","1008":"o","1009":"r","1010":"m","1011":">","1012":"\\","1013":"n","1014":"<","1015":"/","1016":"d","1017":"i","1018":"v","1019":">","1020":"\\","1021":"n","1022":"\\","1023":"n","1024":"<","1025":"s","1026":"t","1027":"y","1028":"l","1029":"e","1030":">","1031":"\\","1032":"n","1033":" ","1034":" ","1035":" ","1036":" ","1037":"@","1038":"i","1039":"m","1040":"p","1041":"o","1042":"r","1043":"t","1044":" ","1045":"\\","1046":"\"","1047":"$","1048":"l","1049":"i","1050":"b","1051":"/","1052":"c","1053":"s","1054":"s","1055":"/","1056":"c","1057":"o","1058":"n","1059":"t","1060":"a","1061":"i","1062":"n","1063":"e","1064":"r","1065":"s","1066":".","1067":"c","1068":"s","1069":"s","1070":"\\","1071":"\"","1072":";","1073":"\\","1074":"n","1075":"\\","1076":"n","1077":" ","1078":" ","1079":" ","1080":" ","1081":"#","1082":"e","1083":"r","1084":"r","1085":"o","1086":"r","1087":" ","1088":"{","1089":"\\","1090":"n","1091":" ","1092":" ","1093":" ","1094":" ","1095":" ","1096":" ","1097":" ","1098":" ","1099":"c","1100":"o","1101":"l","1102":"o","1103":"r","1104":":","1105":" ","1106":"r","1107":"e","1108":"d","1109":";","1110":"\\","1111":"n","1112":" ","1113":" ","1114":" ","1115":" ","1116":"}","1117":"\\","1118":"n","1119":"<","1120":"/","1121":"s","1122":"t","1123":"y","1124":"l","1125":"e","1126":">","1127":"\"","1128":"]","1129":",","1130":"\"","1131":"m","1132":"a","1133":"p","1134":"p","1135":"i","1136":"n","1137":"g","1138":"s","1139":"\"","1140":":","1141":"\"","1142":";","1143":";","1144":";","1145":";","1146":";","1147":";","1148":";","1149":";","1150":";","1151":";","1152":";","1153":";","1154":";","1155":"w","1156":"B","1157":"A","1158":"g","1159":"B","1160":"2","1161":"B","1162":",","1163":"G","1164":"A","1165":"A","1166":"I","1167":",","1168":"K","1169":"A","1170":"A","1171":"E","1172":",","1173":"K","1174":"A","1175":"A","1176":"K","1177":";","1178":";","1179":";","1180":";","1181":";","1182":";","1183":";","1184":";","1185":";","1186":";","1187":";","1188":";","1189":"G","1190":"A","1191":"A","1192":"1","1193":"B","1194":",","1195":"U","1196":"A","1197":"A","1198":"+","1199":"B","1200":";","1201":";","1202":";","1203":";","1204":"6","1205":"D","1206":"A","1207":"A","1208":"h","1209":"B","1210":",","1211":"G","1212":"A","1213":"A","1214":"I","1215":",","1216":"K","1217":"A","1218":"A","1219":"E","1220":",","1221":"K","1222":"A","1223":"A","1224":"K","1225":";","1226":";","1227":";","1228":";","1229":";","1230":";","1231":";","1232":";","1233":";","1234":";","1235":";","1236":";","1237":";","1238":";","1239":";","1240":";","1241":";","1242":";","1243":";","1244":";","1245":";","1246":";","1247":";","1248":";","1249":";","1250":";","1251":";","1252":";","1253":";","1254":";","1255":";","1256":";","1257":";","1258":";","1259":";","1260":";","1261":";","1262":";","1263":"y","1264":"B","1265":"A","1266":"D","1267":"z","1268":"B","1269":",","1270":"G","1271":"A","1272":"A","1273":"I","1274":",","1275":"K","1276":"A","1277":"A","1278":"E","1279":",","1280":"K","1281":"A","1282":"A","1283":"K","1284":";","1285":";","1286":";","1287":";","1288":";","1289":";","1290":";","1291":";","1292":";","1293":";","1294":";","1295":";","1296":";","1297":"a","1298":"A","1299":"K","1300":"T","1301":",","1302":"6","1303":"B","1304":"A","1305":"E","1306":"H","1307":";","1308":";","1309":";","1310":";","1311":"a","1312":"A","1313":"E","1314":"G","1315":",","1316":"w","1317":"B","1318":"A","1319":"E","1320":"H","1321":";","1322":";","1323":";","1324":";","1325":";","1326":";","1327":";","1328":";","1329":";","1330":";","1331":";","1332":";","1333":";","1334":";","1335":";","1336":";","1337":";","1338":";","1339":";","1340":";","1341":";","1342":";","1343":";","1344":";","1345":";","1346":";","1347":";","1348":";","1349":";","1350":";","1351":";","1352":";","1353":";","1354":";","1355":";","1356":";","1357":";","1358":";","1359":";","1360":";","1361":";","1362":";","1363":"G","1364":"A","1365":"j","1366":"B","1367":"Z","1368":",","1369":"U","1370":"A","1371":"w","1372":"B","1373":"M","1374":";","1375":"G","1376":"A","1377":"t","1378":"B","1379":"F","1380":",","1381":"U","1382":"A","1383":"q","1384":"B","1385":"O","1386":";","1387":"G","1388":"A","1389":"p","1390":"B","1391":"H","1392":",","1393":"U","1394":"A","1395":"A","1396":"e","1397":";","1398":";","1399":";","1400":";","1401":"G","1402":"A","1403":"Q","1404":"f","1405":",","1406":"U","1407":"A","1408":"G","1409":"Q","1410":";","1411":";","1412":"G","1413":"A","1414":"D","1415":"J","1416":",","1417":"U","1418":"A","1419":"A","1420":"w","1421":"E","1422":";","1423":";","1424":"G","1425":"A","1426":"E","1427":"5","1428":"E","1429":",","1430":"U","1431":"A","1432":"G","1433":"Q","1434":";","1435":";","1436":"G","1437":"A","1438":"D","1439":"J","1440":",","1441":"U","1442":"A","1443":"A","1444":"4","1445":"E","1446":";","1447":";","1448":"G","1449":"A","1450":"E","1451":"h","1452":"F","1453":",","1454":"U","1455":"A","1456":"A","1457":"u","1458":"B","1459":";","1460":";","1461":"G","1462":"A","1463":"E","1464":"v","1465":"B","1466":",","1467":"U","1468":"A","1469":"A","1470":"0","1471":"C","1472":";","1473":";","1474":"G","1475":"A","1476":"C","1477":"1","1478":"C","1479":",","1480":"U","1481":"A","1482":"A","1483":"w","1484":"E","1485":";","1486":";","1487":";","1488":"g","1489":"B","1490":"A","1491":"h","1492":"B","1493":"n","1494":"E","1495":",","1496":"G","1497":"A","1498":"A","1499":"I","1500":",","1501":"K","1502":"A","1503":"A","1504":"E","1505":",","1506":"K","1507":"A","1508":"A","1509":"K","1510":";","1511":";","1512":";","1513":";","1514":";","1515":";","1516":";","1517":";","1518":";","1519":";","1520":";","1521":";","1522":";","1523":";","1524":";","1525":";","1526":";","1527":";","1528":";","1529":";","1530":";","1531":";","1532":";","1533":";","1534":";","1535":";","1536":";","1537":";","1538":";","1539":";","1540":";","1541":";","1542":";","1543":";","1544":";","1545":";","1546":"O","1547":"A","1548":"b","1549":"T","1550":",","1551":"I","1552":"A","1553":"A","1554":"I","1555":";","1556":";","1557":";","1558":";","1559":";","1560":";","1561":";","1562":";","1563":";","1564":";","1565":";","1566":";","1567":";","1568":";","1569":";","1570":";","1571":";","1572":";","1573":";","1574":";","1575":";","1576":";","1577":";","1578":";","1579":";","1580":";","1581":";","1582":";","1583":";","1584":";","1585":";","1586":";","1587":";","1588":";","1589":";","1590":";","1591":";","1592":";","1593":";","1594":";","1595":";","1596":";","1597":";","1598":";","1599":";","1600":";","1601":";","1602":";","1603":";","1604":";","1605":";","1606":";","1607":";","1608":";","1609":"\"","1610":"}"},"_coverageSchema":"1a1c01bbd47fc00a2c39e90264f33305004495a9","hash":"2716ca5f081bfc579a8c647ae50feb2b5a18579c"}
}
