TN:
SF:src/routes/auth/login/+page.svelte
FN:7,add_css
FN:12,create_if_block
FN:18,create
FN:25,mount
FN:29,update
FN:32,destroy
FN:48,create_fragment
FN:71,create
FN:122,claim
FN:125,mount
FN:147,update
FN:163,destroy
FN:181,instance
FN:186,(anonymous_13)
FN:194,(anonymous_14)
FN:198,(anonymous_15)
FN:202,(anonymous_16)
FN:204,(anonymous_17)
FN:216,(anonymous_18)
FN:228,(anonymous_19)
FN:232,(anonymous_20)
FNF:21
FNH:8
FNDA:2,add_css
FNDA:0,create_if_block
FNDA:0,create
FNDA:0,mount
FNDA:0,update
FNDA:0,destroy
FNDA:2,create_fragment
FNDA:2,create
FNDA:0,claim
FNDA:2,mount
FNDA:0,update
FNDA:2,destroy
FNDA:2,instance
FNDA:2,(anonymous_13)
FNDA:0,(anonymous_14)
FNDA:0,(anonymous_15)
FNDA:0,(anonymous_16)
FNDA:0,(anonymous_17)
FNDA:2,(anonymous_18)
FNDA:0,(anonymous_19)
FNDA:0,(anonymous_20)
DA:4,1
DA:5,1
DA:8,2
DA:14,0
DA:17,0
DA:19,0
DA:20,0
DA:21,0
DA:22,0
DA:23,0
DA:26,0
DA:27,0
DA:30,0
DA:33,0
DA:37,0
DA:45,0
DA:68,2
DA:70,2
DA:72,2
DA:73,2
DA:74,2
DA:75,2
DA:76,2
DA:77,2
DA:78,2
DA:79,2
DA:80,2
DA:81,2
DA:82,2
DA:83,2
DA:84,2
DA:85,2
DA:86,2
DA:87,2
DA:88,2
DA:89,2
DA:90,2
DA:91,2
DA:92,2
DA:93,2
DA:94,2
DA:95,2
DA:96,2
DA:97,2
DA:98,2
DA:99,2
DA:100,2
DA:101,2
DA:102,2
DA:103,2
DA:104,2
DA:105,2
DA:106,2
DA:107,2
DA:108,2
DA:109,2
DA:110,2
DA:111,2
DA:112,2
DA:113,2
DA:114,2
DA:115,2
DA:116,2
DA:117,2
DA:118,2
DA:119,2
DA:120,2
DA:123,0
DA:126,2
DA:127,2
DA:128,2
DA:129,2
DA:130,2
DA:131,2
DA:132,2
DA:133,2
DA:134,2
DA:135,2
DA:136,2
DA:137,2
DA:138,2
DA:139,2
DA:140,2
DA:141,2
DA:142,2
DA:143,2
DA:144,2
DA:145,2
DA:148,0
DA:149,0
DA:150,0
DA:152,0
DA:153,0
DA:154,0
DA:156,0
DA:157,0
DA:158,0
DA:164,2
DA:165,2
DA:166,2
DA:170,2
DA:178,2
DA:182,2
DA:183,2
DA:184,2
DA:186,2
DA:187,2
DA:188,2
DA:192,2
DA:194,2
DA:195,0
DA:198,2
DA:199,0
DA:202,2
DA:204,2
DA:205,0
DA:208,2
DA:209,0
DA:212,2
DA:217,2
DA:218,2
DA:220,2
DA:229,0
DA:233,0
DA:234,0
DA:238,1
LF:126
LH:96
BRDA:30,0,0,0
BRDA:30,0,1,0
BRDA:30,1,0,0
BRDA:30,1,1,0
BRDA:33,2,0,0
BRDA:33,2,1,0
BRDA:68,3,0,2
BRDA:68,3,1,0
BRDA:78,4,0,0
BRDA:78,4,1,2
BRDA:131,5,0,0
BRDA:131,5,1,2
BRDA:148,6,0,0
BRDA:148,6,1,0
BRDA:149,7,0,0
BRDA:149,7,1,0
BRDA:156,8,0,0
BRDA:156,8,1,0
BRDA:164,9,0,2
BRDA:164,9,1,0
BRDA:165,10,0,2
BRDA:165,10,1,0
BRDA:166,11,0,0
BRDA:166,11,1,2
BRDA:182,12,0,2
BRDA:187,13,0,2
BRDA:187,13,1,0
BRDA:187,14,0,2
BRDA:187,14,1,2
BRDA:187,15,0,2
BRDA:187,15,1,2
BRDA:195,16,0,0
BRDA:195,16,1,0
BRDA:195,17,0,0
BRDA:195,17,1,0
BRDA:195,17,2,0
BRDA:199,18,0,0
BRDA:199,18,1,0
BRDA:205,19,0,0
BRDA:205,19,1,0
BRDA:208,20,0,0
BRDA:208,20,1,2
BRDA:208,21,0,2
BRDA:208,21,1,2
BRF:44
BRH:15
end_of_record
